Loading required package: data.table
R version 3.1.0 (2014-04-10)
Platform: powerpc64-unknown-linux-gnu (64-bit)

locale:
 [1] LC_CTYPE=en_US.UTF-8       LC_NUMERIC=C              
 [3] LC_TIME=en_US.UTF-8        LC_COLLATE=en_US.UTF-8    
 [5] LC_MONETARY=en_US.UTF-8    LC_MESSAGES=en_US.UTF-8   
 [7] LC_PAPER=en_US.UTF-8       LC_NAME=C                 
 [9] LC_ADDRESS=C               LC_TELEPHONE=C            
[11] LC_MEASUREMENT=en_US.UTF-8 LC_IDENTIFICATION=C       

attached base packages:
[1] stats     graphics  grDevices utils     datasets  base     

other attached packages:
[1] data.table_1.9.5

loaded via a namespace (and not attached):
[1] chron_2.3-44  methods_3.1.0
Endianess: big
Running /home/gerhard/lib/R/Work/data.table/tests/tests.Rraw 

Attaching package: ‘reshape2’

The following object is masked from ‘package:data.table’:

    melt


Attaching package: ‘reshape’

The following objects are masked from ‘package:reshape2’:

    colsplit, melt, recast

The following object is masked from ‘package:data.table’:

    melt


Attaching package: ‘plyr’

The following objects are masked from ‘package:reshape’:

    rename, round_any

Loading required package: methods
Loading required package: grid
Loading required package: lattice
Loading required package: zoo

Attaching package: ‘zoo’

The following objects are masked from ‘package:base’:

    as.Date, as.Date.numeric


Attaching package: ‘xts’

The following object is masked from ‘package:data.table’:

    last

Loading required package: bit
Attaching package bit
package:bit (c) 2008-2012 Jens Oehlschlaegel (GPL-2)
creators: bit bitwhich
coercion: as.logical as.integer as.bit as.bitwhich which
operator: ! & | xor != ==
querying: print length any all min max range sum summary
bit access: length<- [ [<- [[ [[<-
for more help type ?bit

Attaching package: ‘bit’

The following object is masked from ‘package:data.table’:

    setattr

The following object is masked from ‘package:base’:

    xor

Loading package bit64 0.9-2
package:bit64 (c) 2011-2012 Jens Oehlschlaegel (GPL-2 with commercial restrictions)
creators: integer64 seq :
coercion: as.integer64 as.vector as.logical as.integer as.double as.character as.bin
logical operator: ! & | xor != == < <= >= >
arithmetic operator: + - * / %/% %% ^
math: sign abs sqrt log log2 log10
math: floor ceiling trunc round
querying: is.integer64 is.vector [is.atomic} [length] is.na format print
aggregation: any all min max range sum prod
cumulation: diff cummin cummax cumsum cumprod
access: length<- [ [<- [[ [[<-
combine: c rep cbind rbind as.data.frame
for more help type ?bit64
gdata: read.xls support for 'XLS' (Excel 97-2004) files ENABLED.

gdata: read.xls support for 'XLSX' (Excel 2007+) files ENABLED.

Attaching package: ‘gdata’

The following object is masked from ‘package:stats’:

    nobs

The following object is masked from ‘package:utils’:

    object.size

Error in LIB(GenomicRanges) : there is no package called ‘GenomicRanges’
Calls: test.data.table -> sys.source -> eval -> eval -> LIB
Execution halted
